-------- Log file Trappist.log -------

Executable: vplanet
System Name: Trappist
Primary Input File: vpl.in
Body File #1: star.in
Body File #2: b.in
Body File #3: c.in
Body File #4: d.in
Body File #5: e.in
Body File #6: f.in
Body File #7: g.in
Body File #8: h.in
Allow files to be overwitten: Yes
Mass Units: Kilograms
Length Units: Meters
Time Units: Seconds
Angle Units: Radians

------- FORMATTING -----
Verbosity Level: 5
Crossover Decade for Scientific Notation: 4
Number of Digits After Decimal: 6
Integration Method: Runge-Kutta4
Direction: Forward
Time Step: 3.155760e+07
Stop Time: 2.524608e+17
Output Interval: 3.155760e+13
Use Variable Timestep: Yes
dEta: 0.000100
Minimum Value of ecc and obl: 1.000000e-10


---- INITIAL SYSTEM PROPERTIES ----
(Age) System Age [sec]: 3.155760e+13 
(Time) Simulation Time [sec]: 0.000000 
(TotAngMom) Total Angular Momentum [kg*m^2/sec]: 8.714085e+41 
(TotEnergy) Total System Energy [kg*m^2/sec^2]: -1.631994e+39 
(PotEnergy) Body's non-orbital Potential Energy [kg*m^2/sec^2]: -1.663368e+39 
(KinEnergy) Body's non-orbital Kinetic Energy [kg*m^2/sec^2]: 3.143121e+37 
(DeltaTime) Average Timestep Over Last Output Interval [sec]: inf 
(Density) Average Density [kg/m^3]: 2910.573663 
(LongP) Body's Longitude of pericenter [rad]: 3.926991 
(LXUVTot) Total XUV Luminosity [kg*m^2/sec^2/(m^2*sec)]: 1.885864e+22 

----- BODY: star ----
Active Modules: STELLAR
Module Bit Sum: 65
Color: 000000
(Mass) Mass [kg]: 1.594710e+29 
(Radius) Radius [Solar]: 0.880052 
(RadGyra) Radius of Gyration []: 0.445921 
(RotAngMom) Rotational Angular Momentum [kg*m^2/sec]: 8.644203e+41 
(RotVel) Rotational Velocity [m/sec]: 4.452426e+04 
(BodyType) Type of Body (0 == planet) []: 0.000000 
(RotRate) Rotational Frequency [/sec]: 7.272205e-05 
(RotPer) Rotational Period [days]: 1.000000 
(HZLimitDryRunaway) Semi-major axis of Dry Runaway HZ Limit [m]: -1.000000 
(Instellation) Orbit-averaged INcident STELLar radiATION [rad]: -1.000000 
(CriticalSemiMajorAxis) Holman & Wiegert (1999) P-type Critical Semi-major Axis [m]: -1.000000 
(LostEnergy) Body's Total Lost Energy [kg*m^2/sec^2]: 0.000000 
(LostAngMom) Lost Angular Momentum due to Magnetic Braking [kg*m^2/sec]: 0.000000 
----- STELLAR PARAMETERS (star)------
(Luminosity) Luminosity [LSUN]: 0.049034 
(LXUVStellar) Base X-ray/XUV Luminosity [LSUN]: 4.903443e-05 
(Temperature) Effective Temperature [K]: 2897.531763 
(LXUVFrac) X-ray/XUV Luminosity Fraction []: 0.001000 
(RossbyNumber) Rossby Number []: 0.014035 
(DRotPerDtStellar) Time Rate of Change of Rotation Period in STELLAR []: 2.040280e-09 
(HZLimRecVenus) Recent Venus Habitable Zone Limit [m]: 2.708745e+10 
(HZLimRunaway) Runaway Greenhouse Habitable Zone Limit [m]: 3.563418e+10 
(HZLimMoistGreenhouse) Moist Greenhouse Habitable Zone Limit [m]: 3.584120e+10 
(HZLimMaxGreenhouse) Maximum Greenhouse Habitable Zone Limit [m]: 6.892613e+10 
(HZLimEarlyMars) Early Mars Habitable Zone Limit [m]: 7.517117e+10 
Output Order: Time[year] Luminosity[LSUN] LXUVStellar[LSUN] Radius[Solar] Temperature[K] RotPer[days] HZLimRunaway[AU]
Grid Output Order:

----- BODY: trappist1b ----
Active Modules: ATMESC
Module Bit Sum: 9
Color: 000000
(Mass) Mass [kg]: 6.073713e+24 
(Radius) Radius [m]: 7.149850e+06 
(RadGyra) Radius of Gyration []: 0.500000 
(BodyType) Type of Body (0 == planet) []: 0.000000 
(HZLimitDryRunaway) Semi-major axis of Dry Runaway HZ Limit [m]: 3.006800e+10 
(Instellation) Orbit-averaged INcident STELLar radiATION [rad]: 3.006800e+10 
----- ATMESC PARAMETERS (trappist1b)------
(SurfWaterMass) Surface Water Mass [TO]: 20.000000 
(EnvelopeMass) Envelope Mass [Earth]: 0.000000 
(OxygenMass) Oxygen Mass [bars]: 0.000000 
(RGLimit) Runaway Greenhouse Semi-Major Axis [m]: 3.455124e+10 
(XO) Atomic Oxygen Mixing Ratio in Upper Atmosphere []: 0.333333 
(EtaO) Oxygen Eta Parameter (Luger and Barnes 2015) []: 0.000000 
(PlanetRadius) Planet Radius [m]: 7.149850e+06 
(OxygenMantleMass) Mass of Oxygen in Mantle [kg]: 0.000000 
(RadXUV) XUV Radius separating hydro. dyn. escpape and equilibrium [m]: -1.000000 
(RadSolid) Radius to the solid surface [m]: -1.000000 
(PresXUV) Pressure at base of Thermosphere []: 5.000000 
(ScaleHeight) Scaling factor in fdLehmerRadius []: -1.000000 
(ThermTemp) Isothermal Atmospheric Temperature []: 880.000000 
(AtmGasConst) Atmospheric Gas Constant []: 4124.000000 
(PresSurf) Surface Pressure due to Atmosphere []: -1.000000 
(DEnvMassDt) Envelope Mass Loss Rate []: -1.000000 
(FXUV) XUV Flux [W/m^2]: 543.032201 
(AtmXAbsEffH2O) XUV Atmospheric Escape Efficiency for H2O []: 0.000000 
(RGDuration) Runaway Greenhouse Duration [years]: 0.00000e+00
Output Order: Time[year] OxygenMass[bars] SurfWaterMass[TO] EnvelopeMass[Earth]
Grid Output Order:

----- BODY: trappist1c ----
Active Modules: ATMESC
Module Bit Sum: 9
Color: 000000
(Mass) Mass [kg]: 6.903847e+24 
(Radius) Radius [m]: 6.984020e+06 
(RadGyra) Radius of Gyration []: 0.500000 
(BodyType) Type of Body (0 == planet) []: 0.000000 
(HZLimitDryRunaway) Semi-major axis of Dry Runaway HZ Limit [m]: 3.006807e+10 
(Instellation) Orbit-averaged INcident STELLar radiATION [rad]: 3.006807e+10 
----- ATMESC PARAMETERS (trappist1c)------
(SurfWaterMass) Surface Water Mass [TO]: 20.000000 
(EnvelopeMass) Envelope Mass [Earth]: 0.000000 
(OxygenMass) Oxygen Mass [bars]: 0.000000 
(RGLimit) Runaway Greenhouse Semi-Major Axis [m]: 3.444681e+10 
(XO) Atomic Oxygen Mixing Ratio in Upper Atmosphere []: 0.333333 
(EtaO) Oxygen Eta Parameter (Luger and Barnes 2015) []: 0.000000 
(PlanetRadius) Planet Radius [m]: 6.984020e+06 
(OxygenMantleMass) Mass of Oxygen in Mantle [kg]: 0.000000 
(RadXUV) XUV Radius separating hydro. dyn. escpape and equilibrium [m]: -1.000000 
(RadSolid) Radius to the solid surface [m]: -1.000000 
(PresXUV) Pressure at base of Thermosphere []: 5.000000 
(ScaleHeight) Scaling factor in fdLehmerRadius []: -1.000000 
(ThermTemp) Isothermal Atmospheric Temperature []: 880.000000 
(AtmGasConst) Atmospheric Gas Constant []: 4124.000000 
(PresSurf) Surface Pressure due to Atmosphere []: -1.000000 
(DEnvMassDt) Envelope Mass Loss Rate []: -1.000000 
(FXUV) XUV Flux [W/m^2]: 289.470826 
(AtmXAbsEffH2O) XUV Atmospheric Escape Efficiency for H2O []: 0.000000 
(RGDuration) Runaway Greenhouse Duration [years]: 0.00000e+00
Output Order: Time[year] OxygenMass[bars] SurfWaterMass[TO] EnvelopeMass[Earth]
Grid Output Order:

----- BODY: trappist1d ----
Active Modules: ATMESC
Module Bit Sum: 9
Color: 000000
(Mass) Mass [kg]: 1.773739e+24 
(Radius) Radius [m]: 5.000430e+06 
(RadGyra) Radius of Gyration []: 0.500000 
(BodyType) Type of Body (0 == planet) []: 0.000000 
(HZLimitDryRunaway) Semi-major axis of Dry Runaway HZ Limit [m]: 3.006848e+10 
(Instellation) Orbit-averaged INcident STELLar radiATION [rad]: 3.006848e+10 
----- ATMESC PARAMETERS (trappist1d)------
(SurfWaterMass) Surface Water Mass [TO]: 20.000000 
(EnvelopeMass) Envelope Mass [Earth]: 0.000000 
(OxygenMass) Oxygen Mass [bars]: 0.000000 
(RGLimit) Runaway Greenhouse Semi-Major Axis [m]: 3.560484e+10 
(XO) Atomic Oxygen Mixing Ratio in Upper Atmosphere []: 0.333333 
(EtaO) Oxygen Eta Parameter (Luger and Barnes 2015) []: 0.000000 
(PlanetRadius) Planet Radius [m]: 5.000430e+06 
(OxygenMantleMass) Mass of Oxygen in Mantle [kg]: 0.000000 
(RadXUV) XUV Radius separating hydro. dyn. escpape and equilibrium [m]: -1.000000 
(RadSolid) Radius to the solid surface [m]: -1.000000 
(PresXUV) Pressure at base of Thermosphere []: 5.000000 
(ScaleHeight) Scaling factor in fdLehmerRadius []: -1.000000 
(ThermTemp) Isothermal Atmospheric Temperature []: 880.000000 
(AtmGasConst) Atmospheric Gas Constant []: 4124.000000 
(PresSurf) Surface Pressure due to Atmosphere []: -1.000000 
(DEnvMassDt) Envelope Mass Loss Rate []: -1.000000 
(FXUV) XUV Flux [W/m^2]: 145.856474 
(AtmXAbsEffH2O) XUV Atmospheric Escape Efficiency for H2O []: 0.000000 
(RGDuration) Runaway Greenhouse Duration [years]: 0.00000e+00
Output Order: Time[year] OxygenMass[bars] SurfWaterMass[TO] EnvelopeMass[Earth]
Grid Output Order:

----- BODY: trappist1e ----
Active Modules: ATMESC
Module Bit Sum: 9
Color: 000000
(Mass) Mass [kg]: 4.610528e+24 
(Radius) Radius [m]: 5.804071e+06 
(RadGyra) Radius of Gyration []: 0.500000 
(BodyType) Type of Body (0 == planet) []: 0.000000 
(HZLimitDryRunaway) Semi-major axis of Dry Runaway HZ Limit [m]: 3.006781e+10 
(Instellation) Orbit-averaged INcident STELLar radiATION [rad]: 3.006781e+10 
----- ATMESC PARAMETERS (trappist1e)------
(SurfWaterMass) Surface Water Mass [TO]: 20.000000 
(EnvelopeMass) Envelope Mass [Earth]: 0.000000 
(OxygenMass) Oxygen Mass [bars]: 0.000000 
(RGLimit) Runaway Greenhouse Semi-Major Axis [m]: 3.477920e+10 
(XO) Atomic Oxygen Mixing Ratio in Upper Atmosphere []: 0.333333 
(EtaO) Oxygen Eta Parameter (Luger and Barnes 2015) []: 0.739857 
(PlanetRadius) Planet Radius [m]: 5.804071e+06 
(OxygenMantleMass) Mass of Oxygen in Mantle [kg]: 0.000000 
(RadXUV) XUV Radius separating hydro. dyn. escpape and equilibrium [m]: -1.000000 
(RadSolid) Radius to the solid surface [m]: -1.000000 
(PresXUV) Pressure at base of Thermosphere []: 5.000000 
(ScaleHeight) Scaling factor in fdLehmerRadius []: -1.000000 
(ThermTemp) Isothermal Atmospheric Temperature []: 880.000000 
(AtmGasConst) Atmospheric Gas Constant []: 4124.000000 
(PresSurf) Surface Pressure due to Atmosphere []: -1.000000 
(DEnvMassDt) Envelope Mass Loss Rate []: -1.000000 
(FXUV) XUV Flux [W/m^2]: 84.474448 
(AtmXAbsEffH2O) XUV Atmospheric Escape Efficiency for H2O []: 0.011807 
(RGDuration) Runaway Greenhouse Duration [years]: 0.00000e+00
Output Order: Time[year] OxygenMass[bars] SurfWaterMass[TO] EnvelopeMass[Earth]
Grid Output Order:

----- BODY: trappist1f ----
Active Modules: ATMESC
Module Bit Sum: 9
Color: 000000
(Mass) Mass [kg]: 5.578022e+24 
(Radius) Radius [m]: 6.671493e+06 
(RadGyra) Radius of Gyration []: 0.500000 
(BodyType) Type of Body (0 == planet) []: 0.000000 
(HZLimitDryRunaway) Semi-major axis of Dry Runaway HZ Limit [m]: 3.006895e+10 
(Instellation) Orbit-averaged INcident STELLar radiATION [rad]: 3.006895e+10 
----- ATMESC PARAMETERS (trappist1f)------
(SurfWaterMass) Surface Water Mass [TO]: 20.000000 
(EnvelopeMass) Envelope Mass [Earth]: 0.000000 
(OxygenMass) Oxygen Mass [bars]: 0.000000 
(RGLimit) Runaway Greenhouse Semi-Major Axis [m]: 3.462060e+10 
(XO) Atomic Oxygen Mixing Ratio in Upper Atmosphere []: 0.333333 
(EtaO) Oxygen Eta Parameter (Luger and Barnes 2015) []: 0.691442 
(PlanetRadius) Planet Radius [m]: 6.671493e+06 
(OxygenMantleMass) Mass of Oxygen in Mantle [kg]: 0.000000 
(RadXUV) XUV Radius separating hydro. dyn. escpape and equilibrium [m]: -1.000000 
(RadSolid) Radius to the solid surface [m]: -1.000000 
(PresXUV) Pressure at base of Thermosphere []: 5.000000 
(ScaleHeight) Scaling factor in fdLehmerRadius []: -1.000000 
(ThermTemp) Isothermal Atmospheric Temperature []: 880.000000 
(AtmGasConst) Atmospheric Gas Constant []: 4124.000000 
(PresSurf) Surface Pressure due to Atmosphere []: -1.000000 
(DEnvMassDt) Envelope Mass Loss Rate []: -1.000000 
(FXUV) XUV Flux [W/m^2]: 48.790865 
(AtmXAbsEffH2O) XUV Atmospheric Escape Efficiency for H2O []: 0.015983 
(RGDuration) Runaway Greenhouse Duration [years]: 0.00000e+00
Output Order: Time[year] OxygenMass[bars] SurfWaterMass[TO] EnvelopeMass[Earth]
Grid Output Order:

----- BODY: trappist1g ----
Active Modules: ATMESC
Module Bit Sum: 9
Color: 000000
(Mass) Mass [kg]: 6.856070e+24 
(Radius) Radius [m]: 7.322059e+06 
(RadGyra) Radius of Gyration []: 0.500000 
(BodyType) Type of Body (0 == planet) []: 0.000000 
(HZLimitDryRunaway) Semi-major axis of Dry Runaway HZ Limit [m]: 3.006749e+10 
(Instellation) Orbit-averaged INcident STELLar radiATION [rad]: 3.006749e+10 
----- ATMESC PARAMETERS (trappist1g)------
(SurfWaterMass) Surface Water Mass [TO]: 20.000000 
(EnvelopeMass) Envelope Mass [Earth]: 0.000000 
(OxygenMass) Oxygen Mass [bars]: 0.000000 
(RGLimit) Runaway Greenhouse Semi-Major Axis [m]: 3.445278e+10 
(XO) Atomic Oxygen Mixing Ratio in Upper Atmosphere []: 0.333333 
(EtaO) Oxygen Eta Parameter (Luger and Barnes 2015) []: 0.610442 
(PlanetRadius) Planet Radius [m]: 7.322059e+06 
(OxygenMantleMass) Mass of Oxygen in Mantle [kg]: 0.000000 
(RadXUV) XUV Radius separating hydro. dyn. escpape and equilibrium [m]: -1.000000 
(RadSolid) Radius to the solid surface [m]: -1.000000 
(PresXUV) Pressure at base of Thermosphere []: 5.000000 
(ScaleHeight) Scaling factor in fdLehmerRadius []: -1.000000 
(ThermTemp) Isothermal Atmospheric Temperature []: 880.000000 
(AtmGasConst) Atmospheric Gas Constant []: 4124.000000 
(PresSurf) Surface Pressure due to Atmosphere []: -1.000000 
(DEnvMassDt) Envelope Mass Loss Rate []: -1.000000 
(FXUV) XUV Flux [W/m^2]: 32.968007 
(AtmXAbsEffH2O) XUV Atmospheric Escape Efficiency for H2O []: 0.019549 
(RGDuration) Runaway Greenhouse Duration [years]: 0.00000e+00
Output Order: Time[year] OxygenMass[bars] SurfWaterMass[TO] EnvelopeMass[Earth]
Grid Output Order:

----- BODY: trappist1h ----
Active Modules: ATMESC
Module Bit Sum: 9
Color: 000000
(Mass) Mass [kg]: 1.976794e+24 
(Radius) Radius [m]: 4.930271e+06 
(RadGyra) Radius of Gyration []: 0.500000 
(BodyType) Type of Body (0 == planet) []: 0.000000 
(HZLimitDryRunaway) Semi-major axis of Dry Runaway HZ Limit [m]: 3.006791e+10 
(Instellation) Orbit-averaged INcident STELLar radiATION [rad]: 3.006791e+10 
----- ATMESC PARAMETERS (trappist1h)------
(SurfWaterMass) Surface Water Mass [TO]: 20.000000 
(EnvelopeMass) Envelope Mass [Earth]: 0.000000 
(OxygenMass) Oxygen Mass [bars]: 0.000000 
(RGLimit) Runaway Greenhouse Semi-Major Axis [m]: 3.550849e+10 
(XO) Atomic Oxygen Mixing Ratio in Upper Atmosphere []: 0.333333 
(EtaO) Oxygen Eta Parameter (Luger and Barnes 2015) []: 0.815403 
(PlanetRadius) Planet Radius [m]: 4.930271e+06 
(OxygenMantleMass) Mass of Oxygen in Mantle [kg]: 0.000000 
(RadXUV) XUV Radius separating hydro. dyn. escpape and equilibrium [m]: -1.000000 
(RadSolid) Radius to the solid surface [m]: -1.000000 
(PresXUV) Pressure at base of Thermosphere []: 5.000000 
(ScaleHeight) Scaling factor in fdLehmerRadius []: -1.000000 
(ThermTemp) Isothermal Atmospheric Temperature []: 880.000000 
(AtmGasConst) Atmospheric Gas Constant []: 4124.000000 
(PresSurf) Surface Pressure due to Atmosphere []: -1.000000 
(DEnvMassDt) Envelope Mass Loss Rate []: -1.000000 
(FXUV) XUV Flux [W/m^2]: 18.877374 
(AtmXAbsEffH2O) XUV Atmospheric Escape Efficiency for H2O []: 0.025499 
(RGDuration) Runaway Greenhouse Duration [years]: 0.00000e+00
Output Order: Time[year] OxygenMass[bars] SurfWaterMass[TO] EnvelopeMass[Earth]
Grid Output Order:



---- FINAL SYSTEM PROPERTIES ----
(Age) System Age [sec]: 2.524924e+17 
(Time) Simulation Time [sec]: 2.524608e+17 
(TotAngMom) Total Angular Momentum [kg*m^2/sec]: 8.714034e+41 
(TotEnergy) Total System Energy [kg*m^2/sec^2]: -1.631981e+39 
(PotEnergy) Body's non-orbital Potential Energy [kg*m^2/sec^2]: -1.475315e+40 
(KinEnergy) Body's non-orbital Kinetic Energy [kg*m^2/sec^2]: 6.462666e+32 
(DeltaTime) Average Timestep Over Last Output Interval [sec]: 6.504928e+06 
(Density) Average Density [kg/m^3]: 2.030802e+06 
(LongP) Body's Longitude of pericenter [rad]: 3.926991 
(LXUVTot) Total XUV Luminosity [kg*m^2/sec^2/(m^2*sec)]: 4.726411e+17 

----- BODY: star ----
Active Modules: STELLAR
Module Bit Sum: 65
Color: 000000
(Mass) Mass [kg]: 1.594710e+29 
(Radius) Radius [Solar]: 0.099223 
(RadGyra) Radius of Gyration []: 0.465296 
(RotAngMom) Rotational Angular Momentum [kg*m^2/sec]: 4.611319e+38 
(RotVel) Rotational Velocity [m/sec]: 193.486543 
(BodyType) Type of Body (0 == planet) []: 0.000000 
(RotRate) Rotational Frequency [/sec]: 2.802958e-06 
(RotPer) Rotational Period [days]: 25.944754 
(HZLimitDryRunaway) Semi-major axis of Dry Runaway HZ Limit [m]: -1.000000 
(Instellation) Orbit-averaged INcident STELLar radiATION [rad]: 7.996000e+09 
(CriticalSemiMajorAxis) Holman & Wiegert (1999) P-type Critical Semi-major Axis [m]: -1.000000 
(LostEnergy) Body's Total Lost Energy [kg*m^2/sec^2]: 1.312122e+40 
(LostAngMom) Lost Angular Momentum due to Magnetic Braking [kg*m^2/sec]: 8.639541e+41 
----- STELLAR PARAMETERS (star)------
(Luminosity) Luminosity [LSUN]: 0.000269 
(LXUVStellar) Base X-ray/XUV Luminosity [LSUN]: 1.228916e-09 
(Temperature) Effective Temperature [K]: 2350.152814 
(LXUVFrac) X-ray/XUV Luminosity Fraction []: 4.561761e-06 
(RossbyNumber) Rossby Number []: 0.275121 
(DRotPerDtStellar) Time Rate of Change of Rotation Period in STELLAR []: 3.678172e-11 
(HZLimRecVenus) Recent Venus Habitable Zone Limit [m]: 2.024634e+09 
(HZLimRunaway) Runaway Greenhouse Habitable Zone Limit [m]: 2.660595e+09 
(HZLimMoistGreenhouse) Moist Greenhouse Habitable Zone Limit [m]: 2.678935e+09 
(HZLimMaxGreenhouse) Maximum Greenhouse Habitable Zone Limit [m]: 5.265215e+09 
(HZLimEarlyMars) Early Mars Habitable Zone Limit [m]: 5.742853e+09 
Output Order: Time[year] Luminosity[LSUN] LXUVStellar[LSUN] Radius[Solar] Temperature[K] RotPer[days] HZLimRunaway[AU]
Grid Output Order:

----- BODY: trappist1b ----
Active Modules: ATMESC
Module Bit Sum: 9
Color: 000000
(Mass) Mass [kg]: 6.073713e+24 
(Radius) Radius [m]: 7.149850e+06 
(RadGyra) Radius of Gyration []: 0.500000 
(BodyType) Type of Body (0 == planet) []: 0.000000 
(HZLimitDryRunaway) Semi-major axis of Dry Runaway HZ Limit [m]: 2.228686e+09 
(Instellation) Orbit-averaged INcident STELLar radiATION [rad]: 2.228686e+09 
----- ATMESC PARAMETERS (trappist1b)------
(SurfWaterMass) Surface Water Mass [TO]: 0.192652 
(EnvelopeMass) Envelope Mass [Earth]: 0.000000 
(OxygenMass) Oxygen Mass [bars]: 1533.817759 
(RGLimit) Runaway Greenhouse Semi-Major Axis [m]: 2.583647e+09 
(XO) Atomic Oxygen Mixing Ratio in Upper Atmosphere []: 0.963769 
(EtaO) Oxygen Eta Parameter (Luger and Barnes 2015) []: 0.000000 
(PlanetRadius) Planet Radius [m]: 7.149850e+06 
(OxygenMantleMass) Mass of Oxygen in Mantle [kg]: 0.000000 
(RadXUV) XUV Radius separating hydro. dyn. escpape and equilibrium [m]: -1.000000 
(RadSolid) Radius to the solid surface [m]: -1.000000 
(PresXUV) Pressure at base of Thermosphere []: 5.000000 
(ScaleHeight) Scaling factor in fdLehmerRadius []: -1.000000 
(ThermTemp) Isothermal Atmospheric Temperature []: 880.000000 
(AtmGasConst) Atmospheric Gas Constant []: 4124.000000 
(PresSurf) Surface Pressure due to Atmosphere []: -1.000000 
(DEnvMassDt) Envelope Mass Loss Rate []: -1.000000 
(FXUV) XUV Flux [W/m^2]: 0.013610 
(AtmXAbsEffH2O) XUV Atmospheric Escape Efficiency for H2O []: 0.129243 
(RGDuration) Runaway Greenhouse Duration [years]: 0.00000e+00
Output Order: Time[year] OxygenMass[bars] SurfWaterMass[TO] EnvelopeMass[Earth]
Grid Output Order:

----- BODY: trappist1c ----
Active Modules: ATMESC
Module Bit Sum: 9
Color: 000000
(Mass) Mass [kg]: 6.903847e+24 
(Radius) Radius [m]: 6.984020e+06 
(RadGyra) Radius of Gyration []: 0.500000 
(BodyType) Type of Body (0 == planet) []: 0.000000 
(HZLimitDryRunaway) Semi-major axis of Dry Runaway HZ Limit [m]: 2.228691e+09 
(Instellation) Orbit-averaged INcident STELLar radiATION [rad]: 2.228691e+09 
----- ATMESC PARAMETERS (trappist1c)------
(SurfWaterMass) Surface Water Mass [TO]: 0.833943 
(EnvelopeMass) Envelope Mass [Earth]: 0.000000 
(OxygenMass) Oxygen Mass [bars]: 2760.571285 
(RGLimit) Runaway Greenhouse Semi-Major Axis [m]: 2.575798e+09 
(XO) Atomic Oxygen Mixing Ratio in Upper Atmosphere []: 0.901881 
(EtaO) Oxygen Eta Parameter (Luger and Barnes 2015) []: 0.000000 
(PlanetRadius) Planet Radius [m]: 6.984020e+06 
(OxygenMantleMass) Mass of Oxygen in Mantle [kg]: 0.000000 
(RadXUV) XUV Radius separating hydro. dyn. escpape and equilibrium [m]: -1.000000 
(RadSolid) Radius to the solid surface [m]: -1.000000 
(PresXUV) Pressure at base of Thermosphere []: 5.000000 
(ScaleHeight) Scaling factor in fdLehmerRadius []: -1.000000 
(ThermTemp) Isothermal Atmospheric Temperature []: 880.000000 
(AtmGasConst) Atmospheric Gas Constant []: 4124.000000 
(PresSurf) Surface Pressure due to Atmosphere []: -1.000000 
(DEnvMassDt) Envelope Mass Loss Rate []: -1.000000 
(FXUV) XUV Flux [W/m^2]: 0.007255 
(AtmXAbsEffH2O) XUV Atmospheric Escape Efficiency for H2O []: 0.131290 
(RGDuration) Runaway Greenhouse Duration [years]: 0.00000e+00
Output Order: Time[year] OxygenMass[bars] SurfWaterMass[TO] EnvelopeMass[Earth]
Grid Output Order:

----- BODY: trappist1d ----
Active Modules: ATMESC
Module Bit Sum: 9
Color: 000000
(Mass) Mass [kg]: 1.773739e+24 
(Radius) Radius [m]: 5.000430e+06 
(RadGyra) Radius of Gyration []: 0.500000 
(BodyType) Type of Body (0 == planet) []: 0.000000 
(HZLimitDryRunaway) Semi-major axis of Dry Runaway HZ Limit [m]: 2.228721e+09 
(Instellation) Orbit-averaged INcident STELLar radiATION [rad]: 2.228721e+09 
----- ATMESC PARAMETERS (trappist1d)------
(SurfWaterMass) Surface Water Mass [TO]: 11.205277 
(EnvelopeMass) Envelope Mass [Earth]: 0.000000 
(OxygenMass) Oxygen Mass [bars]: 686.712451 
(RGLimit) Runaway Greenhouse Semi-Major Axis [m]: 2.662866e+09 
(XO) Atomic Oxygen Mixing Ratio in Upper Atmosphere []: 0.399252 
(EtaO) Oxygen Eta Parameter (Luger and Barnes 2015) []: 0.000000 
(PlanetRadius) Planet Radius [m]: 5.000430e+06 
(OxygenMantleMass) Mass of Oxygen in Mantle [kg]: 0.000000 
(RadXUV) XUV Radius separating hydro. dyn. escpape and equilibrium [m]: -1.000000 
(RadSolid) Radius to the solid surface [m]: -1.000000 
(PresXUV) Pressure at base of Thermosphere []: 5.000000 
(ScaleHeight) Scaling factor in fdLehmerRadius []: -1.000000 
(ThermTemp) Isothermal Atmospheric Temperature []: 880.000000 
(AtmGasConst) Atmospheric Gas Constant []: 4124.000000 
(PresSurf) Surface Pressure due to Atmosphere []: -1.000000 
(DEnvMassDt) Envelope Mass Loss Rate []: -1.000000 
(FXUV) XUV Flux [W/m^2]: 0.003656 
(AtmXAbsEffH2O) XUV Atmospheric Escape Efficiency for H2O []: 0.131382 
(RGDuration) Runaway Greenhouse Duration [years]: 6.31682e+08
Output Order: Time[year] OxygenMass[bars] SurfWaterMass[TO] EnvelopeMass[Earth]
Grid Output Order:

----- BODY: trappist1e ----
Active Modules: ATMESC
Module Bit Sum: 9
Color: 000000
(Mass) Mass [kg]: 4.610528e+24 
(Radius) Radius [m]: 5.804071e+06 
(RadGyra) Radius of Gyration []: 0.500000 
(BodyType) Type of Body (0 == planet) []: 0.000000 
(HZLimitDryRunaway) Semi-major axis of Dry Runaway HZ Limit [m]: 2.228672e+09 
(Instellation) Orbit-averaged INcident STELLar radiATION [rad]: 2.228672e+09 
----- ATMESC PARAMETERS (trappist1e)------
(SurfWaterMass) Surface Water Mass [TO]: 13.977176 
(EnvelopeMass) Envelope Mass [Earth]: 0.000000 
(OxygenMass) Oxygen Mass [bars]: 1201.099755 
(RGLimit) Runaway Greenhouse Semi-Major Axis [m]: 2.600784e+09 
(XO) Atomic Oxygen Mixing Ratio in Upper Atmosphere []: 0.398010 
(EtaO) Oxygen Eta Parameter (Luger and Barnes 2015) []: 0.000000 
(PlanetRadius) Planet Radius [m]: 5.804071e+06 
(OxygenMantleMass) Mass of Oxygen in Mantle [kg]: 0.000000 
(RadXUV) XUV Radius separating hydro. dyn. escpape and equilibrium [m]: -1.000000 
(RadSolid) Radius to the solid surface [m]: -1.000000 
(PresXUV) Pressure at base of Thermosphere []: 5.000000 
(ScaleHeight) Scaling factor in fdLehmerRadius []: -1.000000 
(ThermTemp) Isothermal Atmospheric Temperature []: 880.000000 
(AtmGasConst) Atmospheric Gas Constant []: 4124.000000 
(PresSurf) Surface Pressure due to Atmosphere []: -1.000000 
(DEnvMassDt) Envelope Mass Loss Rate []: -1.000000 
(FXUV) XUV Flux [W/m^2]: 0.002117 
(AtmXAbsEffH2O) XUV Atmospheric Escape Efficiency for H2O []: 0.129989 
(RGDuration) Runaway Greenhouse Duration [years]: 2.85273e+08
Output Order: Time[year] OxygenMass[bars] SurfWaterMass[TO] EnvelopeMass[Earth]
Grid Output Order:

----- BODY: trappist1f ----
Active Modules: ATMESC
Module Bit Sum: 9
Color: 000000
(Mass) Mass [kg]: 5.578022e+24 
(Radius) Radius [m]: 6.671493e+06 
(RadGyra) Radius of Gyration []: 0.500000 
(BodyType) Type of Body (0 == planet) []: 0.000000 
(HZLimitDryRunaway) Semi-major axis of Dry Runaway HZ Limit [m]: 2.228756e+09 
(Instellation) Orbit-averaged INcident STELLar radiATION [rad]: 2.228756e+09 
----- ATMESC PARAMETERS (trappist1f)------
(SurfWaterMass) Surface Water Mass [TO]: 15.993587 
(EnvelopeMass) Envelope Mass [Earth]: 0.000000 
(OxygenMass) Oxygen Mass [bars]: 532.305778 
(RGLimit) Runaway Greenhouse Semi-Major Axis [m]: 2.588861e+09 
(XO) Atomic Oxygen Mixing Ratio in Upper Atmosphere []: 0.371094 
(EtaO) Oxygen Eta Parameter (Luger and Barnes 2015) []: 0.000000 
(PlanetRadius) Planet Radius [m]: 6.671493e+06 
(OxygenMantleMass) Mass of Oxygen in Mantle [kg]: 0.000000 
(RadXUV) XUV Radius separating hydro. dyn. escpape and equilibrium [m]: -1.000000 
(RadSolid) Radius to the solid surface [m]: -1.000000 
(PresXUV) Pressure at base of Thermosphere []: 5.000000 
(ScaleHeight) Scaling factor in fdLehmerRadius []: -1.000000 
(ThermTemp) Isothermal Atmospheric Temperature []: 880.000000 
(AtmGasConst) Atmospheric Gas Constant []: 4124.000000 
(PresSurf) Surface Pressure due to Atmosphere []: -1.000000 
(DEnvMassDt) Envelope Mass Loss Rate []: -1.000000 
(FXUV) XUV Flux [W/m^2]: 0.001223 
(AtmXAbsEffH2O) XUV Atmospheric Escape Efficiency for H2O []: 0.127434 
(RGDuration) Runaway Greenhouse Duration [years]: 1.48069e+08
Output Order: Time[year] OxygenMass[bars] SurfWaterMass[TO] EnvelopeMass[Earth]
Grid Output Order:

----- BODY: trappist1g ----
Active Modules: ATMESC
Module Bit Sum: 9
Color: 000000
(Mass) Mass [kg]: 6.856070e+24 
(Radius) Radius [m]: 7.322059e+06 
(RadGyra) Radius of Gyration []: 0.500000 
(BodyType) Type of Body (0 == planet) []: 0.000000 
(HZLimitDryRunaway) Semi-major axis of Dry Runaway HZ Limit [m]: 2.228648e+09 
(Instellation) Orbit-averaged INcident STELLar radiATION [rad]: 2.228648e+09 
----- ATMESC PARAMETERS (trappist1g)------
(SurfWaterMass) Surface Water Mass [TO]: 17.124162 
(EnvelopeMass) Envelope Mass [Earth]: 0.000000 
(OxygenMass) Oxygen Mass [bars]: 340.062288 
(RGLimit) Runaway Greenhouse Semi-Major Axis [m]: 2.576246e+09 
(XO) Atomic Oxygen Mixing Ratio in Upper Atmosphere []: 0.360382 
(EtaO) Oxygen Eta Parameter (Luger and Barnes 2015) []: 0.000000 
(PlanetRadius) Planet Radius [m]: 7.322059e+06 
(OxygenMantleMass) Mass of Oxygen in Mantle [kg]: 0.000000 
(RadXUV) XUV Radius separating hydro. dyn. escpape and equilibrium [m]: -1.000000 
(RadSolid) Radius to the solid surface [m]: -1.000000 
(PresXUV) Pressure at base of Thermosphere []: 5.000000 
(ScaleHeight) Scaling factor in fdLehmerRadius []: -1.000000 
(ThermTemp) Isothermal Atmospheric Temperature []: 880.000000 
(AtmGasConst) Atmospheric Gas Constant []: 4124.000000 
(PresSurf) Surface Pressure due to Atmosphere []: -1.000000 
(DEnvMassDt) Envelope Mass Loss Rate []: -1.000000 
(FXUV) XUV Flux [W/m^2]: 0.000826 
(AtmXAbsEffH2O) XUV Atmospheric Escape Efficiency for H2O []: 0.126388 
(RGDuration) Runaway Greenhouse Duration [years]: 8.99975e+07
Output Order: Time[year] OxygenMass[bars] SurfWaterMass[TO] EnvelopeMass[Earth]
Grid Output Order:

----- BODY: trappist1h ----
Active Modules: ATMESC
Module Bit Sum: 9
Color: 000000
(Mass) Mass [kg]: 1.976794e+24 
(Radius) Radius [m]: 4.930271e+06 
(RadGyra) Radius of Gyration []: 0.500000 
(BodyType) Type of Body (0 == planet) []: 0.000000 
(HZLimitDryRunaway) Semi-major axis of Dry Runaway HZ Limit [m]: 2.228679e+09 
(Instellation) Orbit-averaged INcident STELLar radiATION [rad]: 2.228679e+09 
----- ATMESC PARAMETERS (trappist1h)------
(SurfWaterMass) Surface Water Mass [TO]: 19.220686 
(EnvelopeMass) Envelope Mass [Earth]: 0.000000 
(OxygenMass) Oxygen Mass [bars]: 73.086959 
(RGLimit) Runaway Greenhouse Semi-Major Axis [m]: 2.655619e+09 
(XO) Atomic Oxygen Mixing Ratio in Upper Atmosphere []: 0.337160 
(EtaO) Oxygen Eta Parameter (Luger and Barnes 2015) []: 0.000000 
(PlanetRadius) Planet Radius [m]: 4.930271e+06 
(OxygenMantleMass) Mass of Oxygen in Mantle [kg]: 0.000000 
(RadXUV) XUV Radius separating hydro. dyn. escpape and equilibrium [m]: -1.000000 
(RadSolid) Radius to the solid surface [m]: -1.000000 
(PresXUV) Pressure at base of Thermosphere []: 5.000000 
(ScaleHeight) Scaling factor in fdLehmerRadius []: -1.000000 
(ThermTemp) Isothermal Atmospheric Temperature []: 880.000000 
(AtmGasConst) Atmospheric Gas Constant []: 4124.000000 
(PresSurf) Surface Pressure due to Atmosphere []: -1.000000 
(DEnvMassDt) Envelope Mass Loss Rate []: -1.000000 
(FXUV) XUV Flux [W/m^2]: 0.000473 
(AtmXAbsEffH2O) XUV Atmospheric Escape Efficiency for H2O []: 0.113693 
(RGDuration) Runaway Greenhouse Duration [years]: 4.73397e+07
Output Order: Time[year] OxygenMass[bars] SurfWaterMass[TO] EnvelopeMass[Earth]
Grid Output Order:

Runtime = 269 s
Total Number of Steps = 4851337
