-------- Log file Trappist.log -------

Executable: vplanet
Version: v1.0.0-150-g205d53ad58daf044529ea79fe6ebfa8c1b1fbd2b
System Name: Trappist
Primary Input File: vpl.in
Body File #1: star.in
Allow files to be overwitten: Yes
Mass Units: Kilograms
Length Units: Meters
Time Units: Seconds
Angle Units: Radians

------- FORMATTING -----
Verbosity Level: 5
Crossover Decade for Scientific Notation: 4
Number of Digits After Decimal: 6
Integration Method: Runge-Kutta4
Direction: Forward
Time Step: 3.155760e+07
Stop Time: 2.524608e+17
Output Interval: 3.155760e+14
Use Variable Timestep: Yes
dEta: 0.010000
Minimum Value of ecc and obl: 1.000000e-10


---- INITIAL SYSTEM PROPERTIES ----
(Age) System Age [sec]: 1.577880e+14 
(Time) Simulation Time [sec]: 0.000000 
(TotAngMom) Total Angular Momentum [kg*m^2/sec]: 4.187268e+41 
(TotEnergy) Total System Energy [kg*m^2/sec^2]: -3.171265e+39 
(PotEnergy) Body's non-orbital Potential Energy [kg*m^2/sec^2]: -3.186490e+39 
(KinEnergy) Body's non-orbital Kinetic Energy [kg*m^2/sec^2]: 1.522534e+37 
(DeltaTime) Average Timestep Over Last Output Interval [sec]: inf 
(Density) Average Density [kg/m^3]: 1.215831e+04 
(LongP) Body's Longitude of pericenter [rad]: 3.926991 
(LXUVTot) Total XUV Luminosity [kg*m^2/sec^2/(m^2*sec)]: 8.818686e+21 

----- BODY: star ----
Active Modules: STELLAR
Module Bit Sum: 65
Color: 000000
(Mass) Mass [kg]: 1.769690e+29 
(Radius) Radius [Solar]: 0.565738 
(RadGyra) Radius of Gyration []: 0.458296 
(RotAngMom) Rotational Angular Momentum [kg*m^2/sec]: 4.187268e+41 
(RotVel) Rotational Velocity [m/sec]: 2.862225e+04 
(BodyType) Type of Body (0 == planet) []: 0.000000 
(RotRate) Rotational Frequency [/sec]: 7.272205e-05 
(RotPer) Rotational Period [days]: 1.000000 
(HZLimitDryRunaway) Semi-major axis of Dry Runaway HZ Limit [m]: -1.000000 
(Instellation) Orbit-averaged INcident STELLar radiATION [kg*m^2/sec^2/(m^2*sec)]: -1.000000 
(CriticalSemiMajorAxis) Holman & Wiegert (1999) P-type Critical Semi-major Axis [m]: -1.000000 
(LostEnergy) Body's Total Lost Energy [kg*m^2/sec^2]: 5.562685e-309 
(LostAngMom) Lost Angular Momentum due to Magnetic Braking [kg*m^2/sec]: 5.562685e-309 
----- STELLAR PARAMETERS (star)------
(Luminosity) Luminosity [LSUN]: 0.022929 
(LXUVStellar) Base X-ray/XUV Luminosity [LSUN]: 2.292950e-05 
(Temperature) Effective Temperature [K]: 2988.222391 
(LXUVFrac) X-ray/XUV Luminosity Fraction []: 0.001000 
(RossbyNumber) Rossby Number []: 0.014703 
(DRotPerDtStellar) Time Rate of Change of Rotation Period in STELLAR []: -5.649602e-10 
(HZLimRecVenus) Recent Venus Habitable Zone Limit [m]: 1.849476e+10 
(HZLimRunaway) Runaway Greenhouse Habitable Zone Limit [m]: 2.434630e+10 
(HZLimMoistGreenhouse) Moist Greenhouse Habitable Zone Limit [m]: 2.447163e+10 
(HZLimMaxGreenhouse) Maximum Greenhouse Habitable Zone Limit [m]: 4.690073e+10 
(HZLimEarlyMars) Early Mars Habitable Zone Limit [m]: 5.115003e+10 
Output Order: Time[year] Luminosity[LSUN] LXUVStellar[LSUN] Radius[Solar] Temperature[K] RotPer[days]
Grid Output Order:
