-------- Log file Trappist.log -------

Executable: vplanet
Version: 0.9.1-673-gf897a64196389e9fd1898073f6600c1eb2e6c44d
System Name: Trappist
Primary Input File: vpl.in
Body File #1: star.in
Allow files to be overwitten: Yes
Mass Units: Kilograms
Length Units: Meters
Time Units: Seconds
Angle Units: Radians

------- FORMATTING -----
Verbosity Level: 5
Crossover Decade for Scientific Notation: 4
Number of Digits After Decimal: 6
Integration Method: Runge-Kutta4
Direction: Forward
Time Step: 3.155760e+07
Stop Time: 2.524608e+17
Output Interval: 3.155760e+13
Use Variable Timestep: Yes
dEta: 1.000000
Minimum Value of ecc and obl: 1.000000e-10


---- INITIAL SYSTEM PROPERTIES ----
(Age) System Age [sec]: 3.155760e+13 
(Time) Simulation Time [sec]: 0.000000 
(TotAngMom) Total Angular Momentum [kg*m^2/sec]: 1.149304e+42 
(TotEnergy) Total System Energy [kg*m^2/sec^2]: -1.877809e+39 
(PotEnergy) Body's non-orbital Potential Energy [kg*m^2/sec^2]: -1.919599e+39 
(KinEnergy) Body's non-orbital Kinetic Energy [kg*m^2/sec^2]: 4.178988e+37 
(DeltaTime) Average Timestep Over Last Output Interval [sec]: inf 
(Density) Average Density [kg/m^3]: 2513.645829 
(LongP) Body's Longitude of pericenter [rad]: 3.926991 
(LXUVTot) Total XUV Luminosity [kg*m^2/sec^2/(m^2*sec)]: 2.278648e+22 

----- BODY: star ----
Active Modules: STELLAR
Module Bit Sum: 65
Color: 000000
(Mass) Mass [kg]: 1.789574e+29 
(Radius) Radius [Solar]: 0.960335 
(RadGyra) Radius of Gyration []: 0.444800 
(RotAngMom) Rotational Angular Momentum [kg*m^2/sec]: 1.149304e+42 
(RotVel) Rotational Velocity [m/sec]: 4.858597e+04 
(BodyType) Type of Body (0 == planet) []: 0.000000 
(RotRate) Rotational Frequency [/sec]: 7.272205e-05 
(RotPer) Rotational Period [days]: 1.000000 
(HZLimitDryRunaway) Semi-major axis of Dry Runaway HZ Limit [m]: -1.000000 
(Instellation) Orbit-averaged INcident STELLar radiATION [kg*m^2/sec^2/(m^2*sec)]: -1.000000 
(CriticalSemiMajorAxis) Holman & Wiegert (1999) P-type Critical Semi-major Axis [m]: -1.000000 
(LostEnergy) Body's Total Lost Energy [kg*m^2/sec^2]: 5.562685e-309 
(LostAngMom) Lost Angular Momentum due to Magnetic Braking [kg*m^2/sec]: 5.562685e-309 
----- STELLAR PARAMETERS (star)------
(Luminosity) Luminosity [LSUN]: 0.059247 
(LXUVStellar) Base X-ray/XUV Luminosity [LSUN]: 5.924722e-05 
(Temperature) Effective Temperature [K]: 2907.334487 
(LXUVFrac) X-ray/XUV Luminosity Fraction []: 0.001000 
(RossbyNumber) Rossby Number []: 0.014106 
(DRotPerDtStellar) Time Rate of Change of Rotation Period in STELLAR []: -8.292795e-11 
(HZLimRecVenus) Recent Venus Habitable Zone Limit [m]: 2.977014e+10 
(HZLimRunaway) Runaway Greenhouse Habitable Zone Limit [m]: 3.916594e+10 
(HZLimMoistGreenhouse) Moist Greenhouse Habitable Zone Limit [m]: 3.939084e+10 
(HZLimMaxGreenhouse) Maximum Greenhouse Habitable Zone Limit [m]: 7.572440e+10 
(HZLimEarlyMars) Early Mars Habitable Zone Limit [m]: 8.258537e+10 
Output Order: Time[year] Luminosity[LSUN] LXUVStellar[LSUN] Radius[Solar] Temperature[K] RotPer[days]
Grid Output Order:
